Mon Jun 26 00:06:41 EDT 2017 : Apache Derby Network Server - 10.11.1.2 - (1629631) started and ready to accept connections on port 1527
----------------------------------------------------------------
Mon Jun 26 00:06:42 EDT 2017:
Booting Derby version The Apache Software Foundation - Apache Derby - 10.11.1.2 - (1629631): instance a816c00e-015c-e294-7d4f-ffffc97f2bd6 
on database directory C:\Users\Julie\Documents\java\git\final-currency-converter\CurrencyConverter\moneyrecords with class loader sun.misc.Launcher$AppClassLoader@6f94fa3e 
Loaded from file:/C:/Program%20Files/Java/jdk1.8.0_121/db/lib/derby.jar
java.vendor=Oracle Corporation
java.runtime.version=1.8.0_121-b13
user.dir=C:\Program Files\Java\jdk1.8.0_121\db
os.name=Windows 7
os.arch=amd64
os.version=6.1
derby.system.home=C:\Users\Julie\Documents\java\git\final-currency-converter\CurrencyConverter
Database Class Loader started - derby.database.classpath=''
----------------------------------------------------------------
Mon Jun 26 00:06:46 EDT 2017:
Shutting down instance a816c00e-015c-e294-7d4f-ffffc97f2bd6 on database directory C:\Users\Julie\Documents\java\git\final-currency-converter\CurrencyConverter\moneyrecords with class loader sun.misc.Launcher$AppClassLoader@6f94fa3e 
Mon Jun 26 00:06:47 EDT 2017 Thread[DRDAConnThread_3,5,main] (DATABASE = moneyrecords), (DRDAID = {2}), Database 'moneyrecords' shutdown.
----------------------------------------------------------------
Mon Jun 26 00:06:51 EDT 2017:
Booting Derby version The Apache Software Foundation - Apache Derby - 10.11.1.2 - (1629631): instance a65c80ac-015c-e294-7d4f-ffffc97f2bd6 
on database directory C:\Users\Julie\Documents\java\git\final-currency-converter\CurrencyConverter\moneyrecords with class loader sun.misc.Launcher$AppClassLoader@6f94fa3e 
Loaded from file:/C:/Program%20Files/Java/jdk1.8.0_121/db/lib/derby.jar
java.vendor=Oracle Corporation
java.runtime.version=1.8.0_121-b13
user.dir=C:\Program Files\Java\jdk1.8.0_121\db
os.name=Windows 7
os.arch=amd64
os.version=6.1
derby.system.home=C:\Users\Julie\Documents\java\git\final-currency-converter\CurrencyConverter
Database Class Loader started - derby.database.classpath=''
